<?xml version="1.0" encoding="UTF-8"?>
<!-- Generated by org.testng.reporters.JUnitXMLReporter -->
<testsuite ignored="1" hostname="DESKTOP-UC0PPD7" failures="0" tests="1" name="Default test" time="12.853" errors="0" timestamp="26 Nov 2023 13:11:24 GMT">
  <testcase classname="testcases.Logintest" name="LoginSucessTest" time="10.438"/>
  <testcase classname="testcases.Logintest" name="LoginTestFailure" time="0.0">
    <ignored/>
  </testcase> <!-- LoginTestFailure -->
</testsuite> <!-- Default test -->
