<?xml version="1.0" encoding="UTF-8"?>
<!-- Generated by org.testng.reporters.JUnitXMLReporter -->
<testsuite ignored="0" hostname="DESKTOP-UC0PPD7" failures="2" tests="2" name="Test" time="6.388" errors="0" timestamp="01 Dec 2023 20:32:37 GMT">
  <testcase classname="testcases.Logintest" name="LoginSucessTest" time="0.01">
    <failure type="java.lang.NullPointerException" message="Cannot invoke &amp;quot;org.openqa.selenium.WebElement.click()&amp;quot; because &amp;quot;this.loginLink&amp;quot; is null">
      <![CDATA[java.lang.NullPointerException: Cannot invoke "org.openqa.selenium.WebElement.click()" because "this.loginLink" is null
at pages.Loginpage.LoginFunction(Loginpage.java:37)
at testcases.Logintest.LoginSucessTest(Logintest.java:33)
... Removed 25 stack frames]]>
    </failure>
  </testcase> <!-- LoginSucessTest -->
  <testcase classname="testcases.Logintest" name="LoginTestFailure" time="0.001">
    <failure type="java.lang.NullPointerException" message="Cannot invoke &amp;quot;org.openqa.selenium.WebElement.click()&amp;quot; because &amp;quot;this.loginLink&amp;quot; is null">
      <![CDATA[java.lang.NullPointerException: Cannot invoke "org.openqa.selenium.WebElement.click()" because "this.loginLink" is null
at pages.Loginpage.LoginFunction(Loginpage.java:37)
at testcases.Logintest.LoginTestFailure(Logintest.java:16)
... Removed 25 stack frames]]>
    </failure>
  </testcase> <!-- LoginTestFailure -->
</testsuite> <!-- Test -->
