<?xml version="1.0" encoding="UTF-8"?>
<testng-results ignored="0" total="2" passed="2" failed="0" skipped="0">
  <reporter-output>
  </reporter-output>
  <suite started-at="2023-11-26T16:10:49Z" name="Suite" finished-at="2023-11-26T16:11:14Z" duration-ms="24945">
    <groups>
    </groups>
    <test started-at="2023-11-26T16:10:49Z" name="Test" finished-at="2023-11-26T16:11:14Z" duration-ms="24945">
      <class name="testcases.Logintest">
        <test-method is-config="true" signature="Setup()[pri:0, instance:testcases.Logintest@561b6512]" started-at="2023-11-26T16:10:49Z" name="Setup" finished-at="2023-11-26T16:10:55Z" duration-ms="5888" status="PASS">
          <reporter-output>
          </reporter-output>
        </test-method> <!-- Setup -->
        <test-method signature="LoginSucessTest()[pri:0, instance:testcases.Logintest@561b6512]" started-at="2023-11-26T16:10:55Z" name="LoginSucessTest" finished-at="2023-11-26T16:11:04Z" duration-ms="9873" status="PASS">
          <reporter-output>
          </reporter-output>
        </test-method> <!-- LoginSucessTest -->
        <test-method is-config="true" signature="TearDown()[pri:0, instance:testcases.Logintest@561b6512]" started-at="2023-11-26T16:11:04Z" name="TearDown" finished-at="2023-11-26T16:11:05Z" duration-ms="307" status="PASS">
          <reporter-output>
          </reporter-output>
        </test-method> <!-- TearDown -->
        <test-method is-config="true" signature="Setup()[pri:0, instance:testcases.Logintest@561b6512]" started-at="2023-11-26T16:11:05Z" name="Setup" finished-at="2023-11-26T16:11:07Z" duration-ms="2416" status="PASS">
          <reporter-output>
          </reporter-output>
        </test-method> <!-- Setup -->
        <test-method signature="LoginTestFailure()[pri:0, instance:testcases.Logintest@561b6512]" started-at="2023-11-26T16:11:07Z" name="LoginTestFailure" finished-at="2023-11-26T16:11:13Z" duration-ms="6205" status="PASS">
          <reporter-output>
          </reporter-output>
        </test-method> <!-- LoginTestFailure -->
        <test-method is-config="true" signature="TearDown()[pri:0, instance:testcases.Logintest@561b6512]" started-at="2023-11-26T16:11:13Z" name="TearDown" finished-at="2023-11-26T16:11:14Z" duration-ms="194" status="PASS">
          <reporter-output>
          </reporter-output>
        </test-method> <!-- TearDown -->
      </class> <!-- testcases.Logintest -->
    </test> <!-- Test -->
  </suite> <!-- Suite -->
</testng-results>
